[INFO](200915-194456-249913)Era.js Engine Initializing...
[INFO](200915-194456-249913)├─ Fixing Path...
[INFO](200915-194456-249913)├─ Checking Data Integrity...
[INFO](200915-194456-250911)│  └─ Data Integrity Checked!
[INFO](200915-194456-250911)├─ Scanning Configs...
[INFO](200915-194456-250911)│  └─ 0 Configs Found!
[INFO](200915-194456-250911)├─ Loading Configs...
[INFO](200915-194456-250911)│  └─ 0 Configs Loaded!
[INFO](200915-194456-251907)├─ Connecting...
[INFO](200915-194456-353636)│  └─ Connected!
[INFO](200915-194456-353636)├─ Scanning Data Files...
[INFO](200915-194456-354632)│  ├─ Data File [README] Found.
[INFO](200915-194456-354632)│  └─ 0 Data Files Found!
[INFO](200915-194456-354632)├─ Loading Data Files...
[INFO](200915-194456-355656)│  ├─ Data File [README] Loaded.
[INFO](200915-194456-355656)│  └─ 0 Data Files Loaded!
[INFO](200915-194456-355656)├─ Sending Init Finished Signal...
[INFO](200915-194456-355656)│  └─ Done!
[INFO](200915-194456-355656)└─ Initialize Complete!
[INFO](200915-194456-355656)Executing Game Scripts...
[DEBG](200915-194456-356627)GOTO: Append [cover] to [] & run
[DEBG](200915-194500-011825)GOTO: Append [new_game] to [cover] & run
[DEBG](200915-194501-222255)!!!!!!!!!!!!!
[DEBG](200915-194504-348041)GOTO: Append [center] to [cover → new_game] & run
[WARN](200915-194506-567185)Recieve None Data!
